{"level":"info","time":"2025-04-19T23:36:40.499+0800","line":"D:/4.work/2.code/pledge/pledge-backend/db/mysql.go:16","msg":"Init Mysql","serviceName":"pledge"}
{"level":"info","time":"2025-04-19T23:36:40.535+0800","line":"D:/4.work/2.code/pledge/pledge-backend/db/redis.go:15","msg":"Init Redis","serviceName":"pledge"}
{"level":"info","time":"2025-04-19T23:39:22.714+0800","line":"D:/4.work/2.code/pledge/pledge-backend/db/mysql.go:16","msg":"Init Mysql","serviceName":"pledge"}
{"level":"info","time":"2025-04-19T23:39:22.734+0800","line":"D:/4.work/2.code/pledge/pledge-backend/db/redis.go:15","msg":"Init Redis","serviceName":"pledge"}
{"level":"info","time":"2025-04-19T23:39:22.944+0800","line":"D:/4.work/2.code/pledge/pledge-backend/api/models/kucoin/kucoin.go:17","msg":"GetExchangePrice ","serviceName":"pledge"}
{"level":"info","time":"2025-04-19T23:39:22.944+0800","line":"D:/4.work/2.code/pledge/pledge-backend/api/models/ws/ws.go:118","msg":"WsServer start","serviceName":"pledge"}
{"level":"error","time":"2025-04-19T23:39:22.948+0800","line":"D:/4.work/2.code/pledge/pledge-backend/api/models/kucoin/kucoin.go:22","msg":"get plgr price from redis err redigo: nil returned","serviceName":"pledge"}
{"level":"info","time":"2025-04-19T23:57:10.301+0800","line":"D:/4.work/2.code/pledge/pledge-backend/db/mysql.go:16","msg":"Init Mysql","serviceName":"pledge"}
{"level":"info","time":"2025-04-19T23:57:10.322+0800","line":"D:/4.work/2.code/pledge/pledge-backend/db/redis.go:15","msg":"Init Redis","serviceName":"pledge"}
{"level":"info","time":"2025-04-19T23:57:10.600+0800","line":"D:/4.work/2.code/pledge/pledge-backend/api/models/ws/ws.go:118","msg":"WsServer start","serviceName":"pledge"}
{"level":"info","time":"2025-04-19T23:57:10.600+0800","line":"D:/4.work/2.code/pledge/pledge-backend/api/models/kucoin/kucoin.go:17","msg":"GetExchangePrice ","serviceName":"pledge"}
{"level":"error","time":"2025-04-19T23:57:10.604+0800","line":"D:/4.work/2.code/pledge/pledge-backend/api/models/kucoin/kucoin.go:22","msg":"get plgr price from redis err redigo: nil returned","serviceName":"pledge"}
{"level":"error","time":"2025-04-19T23:57:31.680+0800","line":"D:/4.work/2.code/pledge/pledge-backend/api/models/kucoin/kucoin.go:36","msg":"Post \"https://api.kucoin.com/api/v1/bullet-public\": dial tcp 74.86.151.162:443: connectex: A connection attempt failed because the connected party did not properly respond after a period of time, or established connection failed because connected host has failed to respond.","serviceName":"pledge"}
{"level":"info","time":"2025-04-20T00:04:36.100+0800","line":"D:/4.work/2.code/pledge/pledge-backend/db/mysql.go:16","msg":"Init Mysql","serviceName":"pledge"}
{"level":"info","time":"2025-04-20T00:04:36.119+0800","line":"D:/4.work/2.code/pledge/pledge-backend/db/redis.go:15","msg":"Init Redis","serviceName":"pledge"}
{"level":"info","time":"2025-04-20T00:04:36.379+0800","line":"D:/4.work/2.code/pledge/pledge-backend/api/models/kucoin/kucoin.go:17","msg":"GetExchangePrice ","serviceName":"pledge"}
{"level":"info","time":"2025-04-20T00:04:36.379+0800","line":"D:/4.work/2.code/pledge/pledge-backend/api/models/ws/ws.go:118","msg":"WsServer start","serviceName":"pledge"}
{"level":"error","time":"2025-04-20T00:04:36.383+0800","line":"D:/4.work/2.code/pledge/pledge-backend/api/models/kucoin/kucoin.go:22","msg":"get plgr price from redis err redigo: nil returned","serviceName":"pledge"}
{"level":"error","time":"2025-04-20T00:04:57.422+0800","line":"D:/4.work/2.code/pledge/pledge-backend/api/models/kucoin/kucoin.go:36","msg":"Post \"https://api.kucoin.com/api/v1/bullet-public\": dial tcp 74.86.151.162:443: connectex: A connection attempt failed because the connected party did not properly respond after a period of time, or established connection failed because connected host has failed to respond.","serviceName":"pledge"}
{"level":"info","time":"2025-04-20T00:13:55.861+0800","line":"D:/4.work/2.code/pledge/pledge-backend/db/mysql.go:16","msg":"Init Mysql","serviceName":"pledge"}
{"level":"info","time":"2025-04-20T00:13:55.879+0800","line":"D:/4.work/2.code/pledge/pledge-backend/db/redis.go:15","msg":"Init Redis","serviceName":"pledge"}
{"level":"info","time":"2025-04-20T00:13:56.107+0800","line":"D:/4.work/2.code/pledge/pledge-backend/api/models/ws/ws.go:118","msg":"WsServer start","serviceName":"pledge"}
{"level":"info","time":"2025-04-20T00:13:56.107+0800","line":"D:/4.work/2.code/pledge/pledge-backend/api/models/kucoin/kucoin.go:17","msg":"GetExchangePrice ","serviceName":"pledge"}
{"level":"error","time":"2025-04-20T00:13:56.110+0800","line":"D:/4.work/2.code/pledge/pledge-backend/api/models/kucoin/kucoin.go:22","msg":"get plgr price from redis err redigo: nil returned","serviceName":"pledge"}
{"level":"error","time":"2025-04-20T00:14:17.178+0800","line":"D:/4.work/2.code/pledge/pledge-backend/api/models/kucoin/kucoin.go:36","msg":"Post \"https://api.kucoin.com/api/v1/bullet-public\": dial tcp 192.133.77.59:443: connectex: A connection attempt failed because the connected party did not properly respond after a period of time, or established connection failed because connected host has failed to respond.","serviceName":"pledge"}
